app/build/intermediates/manifest_merge_blame_file/release/manifest-merger-blame-release-report.txt
1<?xml version="1.0" encoding="utf-8"?>
2<manifest xmlns:android="http://schemas.android.com/apk/res/android"
3    package="com.example.alhambrainteractiva"
4    android:versionCode="1"
5    android:versionName="1.0" >
6
7    <uses-sdk
8        android:minSdkVersion="23"
8-->src\main\AndroidManifest.xml
9        android:targetSdkVersion="29" />
9-->src\main\AndroidManifest.xml
10
11    <uses-permission android:name="android.permission.CAMERA" />
11-->src\main\AndroidManifest.xml:5:5-65
11-->src\main\AndroidManifest.xml:5:22-62
12
13    <meta-data
13-->src\main\AndroidManifest.xml:42:5-44:65
14        android:name="com.google.android.gms.version"
14-->src\main\AndroidManifest.xml:43:9-54
15        android:value="@integer/google_play_services_version" />
15-->src\main\AndroidManifest.xml:44:9-62
16
17    <!-- Include required permissions for Google Maps API to run. -->
18    <uses-permission android:name="android.permission.ACCESS_NETWORK_STATE" />
18-->[com.google.android.gms:play-services-maps:16.1.0] AndroidManifest.xml:23:5-79
18-->[com.google.android.gms:play-services-maps:16.1.0] AndroidManifest.xml:23:22-76
19    <uses-permission android:name="android.permission.INTERNET" />
19-->[com.google.android.gms:play-services-maps:16.1.0] AndroidManifest.xml:24:5-67
19-->[com.google.android.gms:play-services-maps:16.1.0] AndroidManifest.xml:24:22-64
20
21    <uses-feature
21-->[com.google.android.gms:play-services-maps:16.1.0] AndroidManifest.xml:26:5-28:35
22        android:glEsVersion="0x00020000"
22-->[com.google.android.gms:play-services-maps:16.1.0] AndroidManifest.xml:27:9-41
23        android:required="true" />
23-->[com.google.android.gms:play-services-maps:16.1.0] AndroidManifest.xml:28:9-32
24
25    <application
25-->src\main\AndroidManifest.xml:7:5-40:19
26        android:allowBackup="true"
26-->src\main\AndroidManifest.xml:8:9-35
27        android:appComponentFactory="androidx.core.app.CoreComponentFactory"
27-->[androidx.core:core:1.1.0] AndroidManifest.xml:24:18-86
28        android:icon="@mipmap/ic_launcher"
28-->src\main\AndroidManifest.xml:9:9-43
29        android:label="@string/app_name"
29-->src\main\AndroidManifest.xml:10:9-41
30        android:roundIcon="@mipmap/ic_launcher_round"
30-->src\main\AndroidManifest.xml:11:9-54
31        android:supportsRtl="true"
31-->src\main\AndroidManifest.xml:12:9-35
32        android:theme="@style/AppTheme" >
32-->src\main\AndroidManifest.xml:13:9-40
33        <activity android:name="com.example.alhambrainteractiva.Modo_Infantil" />
33-->src\main\AndroidManifest.xml:14:9-60
33-->src\main\AndroidManifest.xml:14:19-48
34        <activity android:name="com.example.alhambrainteractiva.Modo_Adulto" />
34-->src\main\AndroidManifest.xml:15:9-49
34-->src\main\AndroidManifest.xml:15:19-46
35        <activity android:name="com.example.alhambrainteractiva.LectorActivity" />
35-->src\main\AndroidManifest.xml:16:9-61
35-->src\main\AndroidManifest.xml:16:19-49
36        <activity android:name="com.example.alhambrainteractiva.MapsActivity" />
36-->src\main\AndroidManifest.xml:17:9-59
36-->src\main\AndroidManifest.xml:17:19-47
37        <activity android:name="com.example.alhambrainteractiva.Alhambrapedia" />
37-->src\main\AndroidManifest.xml:18:9-60
37-->src\main\AndroidManifest.xml:18:19-48
38        <activity android:name="com.example.alhambrainteractiva.Tutorial" />
38-->src\main\AndroidManifest.xml:19:9-55
38-->src\main\AndroidManifest.xml:19:19-43
39        <activity android:name="com.example.alhambrainteractiva.OpcionesAccesibilidad" />
39-->src\main\AndroidManifest.xml:20:9-68
39-->src\main\AndroidManifest.xml:20:19-56
40        <activity android:name="com.example.alhambrainteractiva.OpcionesIdioma" />
40-->src\main\AndroidManifest.xml:21:9-61
40-->src\main\AndroidManifest.xml:21:19-49
41        <activity android:name="com.example.alhambrainteractiva.OpcionesInformacion" />
41-->src\main\AndroidManifest.xml:22:9-66
41-->src\main\AndroidManifest.xml:22:19-54
42        <activity android:name="com.example.alhambrainteractiva.Sociedad" />
42-->src\main\AndroidManifest.xml:23:9-55
42-->src\main\AndroidManifest.xml:23:19-43
43        <activity android:name="com.example.alhambrainteractiva.Naturaleza" />
43-->src\main\AndroidManifest.xml:24:9-57
43-->src\main\AndroidManifest.xml:24:19-45
44        <activity android:name="com.example.alhambrainteractiva.Historia" />
44-->src\main\AndroidManifest.xml:25:9-55
44-->src\main\AndroidManifest.xml:25:19-43
45        <activity android:name="com.example.alhambrainteractiva.Arte" />
45-->src\main\AndroidManifest.xml:26:9-51
45-->src\main\AndroidManifest.xml:26:19-39
46        <activity android:name="com.example.alhambrainteractiva.MainActivity" >
46-->src\main\AndroidManifest.xml:27:9-33:20
46-->src\main\AndroidManifest.xml:27:19-47
47            <intent-filter>
47-->src\main\AndroidManifest.xml:28:13-32:29
48                <action android:name="android.intent.action.MAIN" />
48-->src\main\AndroidManifest.xml:29:17-69
48-->src\main\AndroidManifest.xml:29:25-66
49
50                <category android:name="android.intent.category.LAUNCHER" />
50-->src\main\AndroidManifest.xml:31:17-77
50-->src\main\AndroidManifest.xml:31:27-74
51            </intent-filter>
52        </activity>
53        <activity
53-->src\main\AndroidManifest.xml:35:9-38:75
54            android:name="com.google.android.gms.common.api.GoogleApiActivity"
54-->src\main\AndroidManifest.xml:36:13-79
55            android:exported="false"
55-->src\main\AndroidManifest.xml:37:13-37
56            android:theme="@android:style/Theme.Translucent.NoTitleBar" />
56-->src\main\AndroidManifest.xml:38:13-72
57
58        <!-- Needs to be explicitly declared on P+ -->
59        <uses-library
59-->[com.google.android.gms:play-services-maps:16.1.0] AndroidManifest.xml:33:9-35:40
60            android:name="org.apache.http.legacy"
60-->[com.google.android.gms:play-services-maps:16.1.0] AndroidManifest.xml:34:13-50
61            android:required="false" />
61-->[com.google.android.gms:play-services-maps:16.1.0] AndroidManifest.xml:35:13-37
62
63        <meta-data
63-->src\main\AndroidManifest.xml:42:5-44:65
64            android:name="com.google.android.gms.version"
64-->src\main\AndroidManifest.xml:43:9-54
65            android:value="@integer/google_play_services_version" />
65-->src\main\AndroidManifest.xml:44:9-62
66    </application>
67
68</manifest>